Arguments: 
  /home/raramuri/.nvm/versions/node/v14.17.0/bin/node /usr/local/bin/yarn add knex

PATH: 
  /home/raramuri/.nvm/versions/node/v14.17.0/bin:/usr/local/sbin:/usr/local/bin:/usr/sbin:/usr/bin:/sbin:/bin:/usr/games:/usr/local/games:/snap/bin

Yarn version: 
  1.22.18

Node version: 
  14.17.0

Platform: 
  linux x64

Trace: 
  Error: https://registry.npmjs.org/knex: tunneling socket could not be established, cause=getaddrinfo EAI_AGAIN webgateway.itm.mcafee.com
      at ClientRequest.onError (/usr/local/lib/node_modules/yarn/lib/cli.js:152369:17)
      at Object.onceWrapper (events.js:483:26)
      at ClientRequest.emit (events.js:376:20)
      at Socket.socketErrorListener (_http_client.js:475:9)
      at Socket.emit (events.js:376:20)
      at emitErrorNT (internal/streams/destroy.js:106:8)
      at emitErrorCloseNT (internal/streams/destroy.js:74:3)
      at processTicksAndRejections (internal/process/task_queues.js:82:21)

npm manifest: 
  {
    "name": "jsbasics",
    "version": "1.0.0",
    "description": "",
    "main": "index.js",
    "devDependencies": {},
    "scripts": {
      "test": "echo \"Error: no test specified\" && exit 1"
    },
    "repository": {
      "type": "git",
      "url": "git+https://github.com/akshayZopsmart/jsbasics.git"
    },
    "keywords": [],
    "author": "",
    "license": "ISC",
    "bugs": {
      "url": "https://github.com/akshayZopsmart/jsbasics/issues"
    },
    "homepage": "https://github.com/akshayZopsmart/jsbasics#readme"
  }

yarn manifest: 
  No manifest

Lockfile: 
  # THIS IS AN AUTOGENERATED FILE. DO NOT EDIT THIS FILE DIRECTLY.
  # yarn lockfile v1
